<?xml version="1.0" encoding="utf-8"?><testsuites name="pytest tests"><testsuite name="pytest" errors="0" failures="0" skipped="0" tests="13" time="3.173" timestamp="2026-03-26T12:25:39.477509+00:00" hostname="agent-env-23c38360-e80e-42a6-be1e-427f0060b551"><testcase classname="backend.tests.test_api.TestCoreAPIs" name="test_competitions_returns_200" time="0.336" /><testcase classname="backend.tests.test_api.TestCoreAPIs" name="test_leaderboard_individual" time="0.121" /><testcase classname="backend.tests.test_api.TestCoreAPIs" name="test_leaderboard_team" time="0.103" /><testcase classname="backend.tests.test_api.TestCoreAPIs" name="test_leaderboard_live_returns_200" time="0.151" /><testcase classname="backend.tests.test_api.TestCoreAPIs" name="test_tournaments_bracket" time="0.169" /><testcase classname="backend.tests.test_api.TestCoreAPIs" name="test_bracket_champion_present" time="0.104" /><testcase classname="backend.tests.test_api.TestCoreAPIs" name="test_register_wallet" time="0.925" /><testcase classname="backend.tests.test_api.TestCoreAPIs" name="test_register_wallet_idempotent" time="0.621" /><testcase classname="backend.tests.test_api.TestCoreAPIs" name="test_players_list" time="0.099" /><testcase classname="backend.tests.test_api.TestCoreAPIs" name="test_teams_list" time="0.103" /><testcase classname="backend.tests.test_api.TestCoreAPIs" name="test_quests_list" time="0.098" /><testcase classname="backend.tests.test_api.TestCoreAPIs" name="test_social_feed" time="0.095" /><testcase classname="backend.tests.test_api.TestCoreAPIs" name="test_stats" time="0.147" /></testsuite></testsuites>