<?xml version="1.0" encoding="utf-8"?><testsuites name="pytest tests"><testsuite name="pytest" errors="0" failures="0" skipped="0" tests="9" time="4.288" timestamp="2026-03-31T17:37:14.759977+00:00" hostname="agent-env-23c38360-e80e-42a6-be1e-427f0060b551"><testcase classname="backend.tests.test_new_features.TestTeamChat" name="test_get_chat_empty_or_list" time="0.167" /><testcase classname="backend.tests.test_new_features.TestTeamChat" name="test_post_chat_message" time="0.196" /><testcase classname="backend.tests.test_new_features.TestTeamChat" name="test_get_chat_after_post" time="0.342" /><testcase classname="backend.tests.test_new_features.TestTeamChat" name="test_post_chat_invalid_team" time="0.179" /><testcase classname="backend.tests.test_new_features.TestTeamChat" name="test_post_chat_anonymous_sender" time="0.119" /><testcase classname="backend.tests.test_new_features.TestAutoEnroll" name="test_register_wallet_auto_enroll" time="0.616" /><testcase classname="backend.tests.test_new_features.TestAutoEnroll" name="test_register_wallet_idempotent" time="0.594" /><testcase classname="backend.tests.test_new_features.TestLiveLeaderboard" name="test_live_leaderboard_returns_list" time="1.791" /><testcase classname="backend.tests.test_new_features.TestLiveLeaderboard" name="test_competition_leaderboard" time="0.115" /></testsuite></testsuites>